<?xml version="1.0" encoding="UTF-8"?>
<!-- Generated by org.testng.reporters.JUnitReportReporter -->
<testsuite hostname="LT8304" failures="0" tests="3" name="api.test.PetsTests2" time="8.628" errors="0" timestamp="2025-07-08T15:43:57 IST" skipped="0">
  <testcase classname="api.test.PetsTests2" name="testPostPet" time="5.441"/>
  <testcase classname="api.test.PetsTests2" name="getPetById" time="1.568"/>
  <testcase classname="api.test.PetsTests2" name="deletePetById" time="1.619"/>
</testsuite> <!-- api.test.PetsTests2 -->
