<?xml version="1.0" encoding="UTF-8"?>
<!-- Generated by org.testng.reporters.JUnitReportReporter -->
<testsuite hostname="LT8304" failures="0" tests="3" name="api.test.StoreTests2" time="8.130" errors="0" timestamp="2025-06-30T18:30:59 IST" skipped="0">
  <testcase classname="api.test.StoreTests2" name="testPotsStore" time="5.168"/>
  <testcase classname="api.test.StoreTests2" name="testGetOrderByOrderId" time="1.472"/>
  <testcase classname="api.test.StoreTests2" name="testDeleteOrderByOrderId" time="1.490"/>
</testsuite> <!-- api.test.StoreTests2 -->
