<?xml version="1.0" encoding="UTF-8"?>
<!-- Generated by org.testng.reporters.JUnitReportReporter -->
<testsuite hostname="LT8304" failures="0" tests="3" name="api.test.PetsTests1" time="8.310" errors="0" timestamp="2025-07-08T17:59:18 IST" skipped="0">
  <testcase classname="api.test.PetsTests1" name="testPostPet" time="5.540"/>
  <testcase classname="api.test.PetsTests1" name="getPetById" time="1.495"/>
  <testcase classname="api.test.PetsTests1" name="deletePetById" time="1.275"/>
</testsuite> <!-- api.test.PetsTests1 -->
