<?xml version="1.0" encoding="UTF-8"?>
<!-- Generated by org.testng.reporters.JUnitReportReporter -->
<testsuite hostname="LT8304" failures="0" tests="4" name="api.test.UserTests" time="11.138" errors="0" timestamp="2025-07-01T19:43:06 IST" skipped="0">
  <testcase classname="api.test.UserTests" name="testPostUser" time="5.124"/>
  <testcase classname="api.test.UserTests" name="testGetUser" time="1.740"/>
  <testcase classname="api.test.UserTests" name="testUpdateUser" time="2.830"/>
  <testcase classname="api.test.UserTests" name="testDeleteUser" time="1.444"/>
</testsuite> <!-- api.test.UserTests -->
