<?xml version="1.0" encoding="UTF-8"?>
<!-- Generated by org.testng.reporters.JUnitReportReporter -->
<testsuite hostname="LT8304" failures="0" tests="2" name="api.test.PetsTests2" time="8.549" errors="0" timestamp="2025-07-09T18:53:03 IST" skipped="0">
  <testcase classname="api.test.PetsTests2" name="testPostPet" time="6.243"/>
  <testcase classname="api.test.PetsTests2" name="deletePetById" time="2.306"/>
</testsuite> <!-- api.test.PetsTests2 -->
