<?xml version="1.0" encoding="UTF-8"?>
<!-- Generated by org.testng.reporters.JUnitReportReporter -->
<testsuite hostname="LT8304" failures="0" tests="6" name="api.test.UserDataDrivenTests" time="11.730" errors="0" timestamp="2025-07-08T16:38:27 IST" skipped="0">
  <testcase classname="api.test.UserDataDrivenTests" name="testPostUser" time="1.525"/>
  <testcase classname="api.test.UserDataDrivenTests" name="testPostUser" time="4.421"/>
  <testcase classname="api.test.UserDataDrivenTests" name="testPostUser" time="1.451"/>
  <testcase classname="api.test.UserDataDrivenTests" name="testDeleteUser" time="1.412"/>
  <testcase classname="api.test.UserDataDrivenTests" name="testDeleteUser" time="1.490"/>
  <testcase classname="api.test.UserDataDrivenTests" name="testDeleteUser" time="1.431"/>
</testsuite> <!-- api.test.UserDataDrivenTests -->
