<?xml version="1.0" encoding="UTF-8"?>
<!-- Generated by org.testng.reporters.JUnitReportReporter -->
<testsuite hostname="LT8304" failures="0" tests="4" name="api.test.StoreTests1" time="9.653" errors="0" timestamp="2025-07-01T18:45:13 IST" skipped="0">
  <testcase classname="api.test.StoreTests1" name="testPostStore" time="5.499"/>
  <testcase classname="api.test.StoreTests1" name="testGetOrderByOrderId" time="1.434"/>
  <testcase classname="api.test.StoreTests1" name="testGetStoreInventory" time="1.403"/>
  <testcase classname="api.test.StoreTests1" name="testDeleteOrderByOrderId" time="1.317"/>
</testsuite> <!-- api.test.StoreTests1 -->
