<?xml version="1.0" encoding="UTF-8"?>
<!-- Generated by org.testng.reporters.JUnitReportReporter -->
<testsuite hostname="LT8304" failures="0" tests="4" name="api.test.UserTests" time="10.517" errors="0" timestamp="2025-07-01T14:54:36 IST" skipped="0">
  <testcase classname="api.test.UserTests" name="testPostUser" time="5.151"/>
  <testcase classname="api.test.UserTests" name="testGetUser" time="1.411"/>
  <testcase classname="api.test.UserTests" name="testUpdateUser" time="2.698"/>
  <testcase classname="api.test.UserTests" name="testDeleteUser" time="1.257"/>
</testsuite> <!-- api.test.UserTests -->
