<?xml version="1.0" encoding="UTF-8"?>
<!-- Generated by org.testng.reporters.JUnitReportReporter -->
<testsuite hostname="LT8304" failures="0" tests="2" name="api.test.PetsTests1" time="7.145" errors="0" timestamp="2025-07-01T19:44:53 IST" skipped="0">
  <testcase classname="api.test.PetsTests1" name="testPostPet" time="5.431"/>
  <testcase classname="api.test.PetsTests1" name="getPetById" time="1.714"/>
</testsuite> <!-- api.test.PetsTests1 -->
