<?xml version="1.0" encoding="UTF-8"?>
<!-- Generated by org.testng.reporters.JUnitReportReporter -->
<testsuite hostname="LT8304" failures="0" tests="3" name="api.test.StoreTests1" time="8.473" errors="0" timestamp="2025-06-30T18:15:55 IST" skipped="0">
  <testcase classname="api.test.StoreTests1" name="testPotsStore" time="5.312"/>
  <testcase classname="api.test.StoreTests1" name="testGetOrderByOrderId" time="1.608"/>
  <testcase classname="api.test.StoreTests1" name="testDeleteOrderByOrderId" time="1.553"/>
</testsuite> <!-- api.test.StoreTests1 -->
