<?xml version="1.0" encoding="UTF-8"?>
<!-- Generated by org.testng.reporters.JUnitReportReporter -->
<testsuite hostname="LT8304" failures="0" tests="3" name="api.test.StoreTests1" time="8.317" errors="0" timestamp="2025-06-30T19:34:24 IST" skipped="0">
  <testcase classname="api.test.StoreTests1" name="testPostStore" time="5.446"/>
  <testcase classname="api.test.StoreTests1" name="testGetOrderByOrderId" time="1.561"/>
  <testcase classname="api.test.StoreTests1" name="testDeleteOrderByOrderId" time="1.310"/>
</testsuite> <!-- api.test.StoreTests1 -->
