<?xml version="1.0" encoding="UTF-8"?>
<!-- Generated by org.testng.reporters.JUnitReportReporter -->
<testsuite hostname="LT8304" failures="0" tests="4" name="api.test.UserTests2" time="9.724" errors="0" timestamp="2025-06-27T01:07:09 IST" skipped="0">
  <testcase classname="api.test.UserTests2" name="testPostUser" time="5.159"/>
  <testcase classname="api.test.UserTests2" name="testGetUser" time="1.466"/>
  <testcase classname="api.test.UserTests2" name="testUpdateUser" time="1.572"/>
  <testcase classname="api.test.UserTests2" name="testDeleteUser" time="1.527"/>
</testsuite> <!-- api.test.UserTests2 -->
