<?xml version="1.0" encoding="UTF-8"?>
<!-- Generated by org.testng.reporters.JUnitReportReporter -->
<testsuite hostname="LT8304" failures="0" tests="6" name="api.test.UserDataDrivenTests" time="11.360" errors="0" timestamp="2025-07-08T18:08:19 IST" skipped="0">
  <testcase classname="api.test.UserDataDrivenTests" name="testPostUser" time="1.276"/>
  <testcase classname="api.test.UserDataDrivenTests" name="testPostUser" time="4.535"/>
  <testcase classname="api.test.UserDataDrivenTests" name="testPostUser" time="1.534"/>
  <testcase classname="api.test.UserDataDrivenTests" name="testDeleteUser" time="1.418"/>
  <testcase classname="api.test.UserDataDrivenTests" name="testDeleteUser" time="1.471"/>
  <testcase classname="api.test.UserDataDrivenTests" name="testDeleteUser" time="1.126"/>
</testsuite> <!-- api.test.UserDataDrivenTests -->
