<?xml version="1.0" encoding="UTF-8"?>
<!-- Generated by org.testng.reporters.JUnitReportReporter -->
<testsuite hostname="LT8304" failures="0" tests="3" name="api.test.PetsTests1" time="8.432" errors="0" timestamp="2025-07-02T00:44:11 IST" skipped="0">
  <testcase classname="api.test.PetsTests1" name="testPostPet" time="5.519"/>
  <testcase classname="api.test.PetsTests1" name="getPetById" time="1.594"/>
  <testcase classname="api.test.PetsTests1" name="deletePetById" time="1.319"/>
</testsuite> <!-- api.test.PetsTests1 -->
